Build started 08/06/2013 03:40:27.
     1>Project "C:\Dropbox\IPCA 2 Ano S\2 Semestre\AED\Trabalho AED\gestaoDVDs\trabalho\trabalho.vcxproj" on node 2 (Build target(s)).
     1>ClCompile:
         C:\Program Files (x86)\Microsoft Visual Studio 11.0\VC\bin\CL.exe /c /ZI /nologo /W3 /WX- /Od /Oy- /D WIN32 /D _DEBUG /D _CONSOLE /D _UNICODE /D UNICODE /Gm /EHsc /RTC1 /MDd /GS /fp:precise /Zc:wchar_t /Zc:forScope /Fo"Debug\\" /Fd"Debug\vc110.pdb" /Gd /TC /analyze- /errorReport:prompt source.c
         source.c
     1>c:\dropbox\ipca 2 ano s\2 semestre\aed\trabalho aed\gestaodvds\trabalho\source.c(46): warning C4996: 'strcpy': This function or variable may be unsafe. Consider using strcpy_s instead. To disable deprecation, use _CRT_SECURE_NO_WARNINGS. See online help for details.
                 c:\program files (x86)\microsoft visual studio 11.0\vc\include\string.h(110) : see declaration of 'strcpy'
     1>c:\dropbox\ipca 2 ano s\2 semestre\aed\trabalho aed\gestaodvds\trabalho\source.c(49): warning C4047: '=' : 'int' differs in levels of indirection from 'void *'
     1>c:\dropbox\ipca 2 ano s\2 semestre\aed\trabalho aed\gestaodvds\trabalho\source.c(50): warning C4996: 'strcpy': This function or variable may be unsafe. Consider using strcpy_s instead. To disable deprecation, use _CRT_SECURE_NO_WARNINGS. See online help for details.
                 c:\program files (x86)\microsoft visual studio 11.0\vc\include\string.h(110) : see declaration of 'strcpy'
     1>c:\dropbox\ipca 2 ano s\2 semestre\aed\trabalho aed\gestaodvds\trabalho\source.c(216): warning C4996: 'strdup': The POSIX name for this item is deprecated. Instead, use the ISO C++ conformant name: _strdup. See online help for details.
                 c:\program files (x86)\microsoft visual studio 11.0\vc\include\string.h(241) : see declaration of 'strdup'
     1>c:\dropbox\ipca 2 ano s\2 semestre\aed\trabalho aed\gestaodvds\trabalho\source.c(309): warning C4996: 'strcpy': This function or variable may be unsafe. Consider using strcpy_s instead. To disable deprecation, use _CRT_SECURE_NO_WARNINGS. See online help for details.
                 c:\program files (x86)\microsoft visual studio 11.0\vc\include\string.h(110) : see declaration of 'strcpy'
     1>c:\dropbox\ipca 2 ano s\2 semestre\aed\trabalho aed\gestaodvds\trabalho\source.c(358): warning C4129: 'P' : unrecognized character escape sequence
     1>c:\dropbox\ipca 2 ano s\2 semestre\aed\trabalho aed\gestaodvds\trabalho\source.c(419): warning C4996: 'fopen': This function or variable may be unsafe. Consider using fopen_s instead. To disable deprecation, use _CRT_SECURE_NO_WARNINGS. See online help for details.
                 c:\program files (x86)\microsoft visual studio 11.0\vc\include\stdio.h(218) : see declaration of 'fopen'
     1>c:\dropbox\ipca 2 ano s\2 semestre\aed\trabalho aed\gestaodvds\trabalho\source.c(471): warning C4996: 'fopen': This function or variable may be unsafe. Consider using fopen_s instead. To disable deprecation, use _CRT_SECURE_NO_WARNINGS. See online help for details.
                 c:\program files (x86)\microsoft visual studio 11.0\vc\include\stdio.h(218) : see declaration of 'fopen'
     1>c:\dropbox\ipca 2 ano s\2 semestre\aed\trabalho aed\gestaodvds\trabalho\source.c(467): warning C4101: 'i' : unreferenced local variable
       Link:
         C:\Program Files (x86)\Microsoft Visual Studio 11.0\VC\bin\link.exe /ERRORREPORT:PROMPT /OUT:"C:\Dropbox\IPCA 2 Ano S\2 Semestre\AED\Trabalho AED\gestaoDVDs\Debug\trabalho.exe" /INCREMENTAL /NOLOGO kernel32.lib user32.lib gdi32.lib winspool.lib comdlg32.lib advapi32.lib shell32.lib ole32.lib oleaut32.lib uuid.lib odbc32.lib odbccp32.lib /MANIFEST /MANIFESTUAC:"level='asInvoker' uiAccess='false'" /manifest:embed /DEBUG /PDB:"C:\Dropbox\IPCA 2 Ano S\2 Semestre\AED\Trabalho AED\gestaoDVDs\Debug\trabalho.pdb" /SUBSYSTEM:CONSOLE /TLBID:1 /DYNAMICBASE /NXCOMPAT /IMPLIB:"C:\Dropbox\IPCA 2 Ano S\2 Semestre\AED\Trabalho AED\gestaoDVDs\Debug\trabalho.lib" /MACHINE:X86 Debug\Main.obj
         Debug\source.obj
         trabalho.vcxproj -> C:\Dropbox\IPCA 2 Ano S\2 Semestre\AED\Trabalho AED\gestaoDVDs\Debug\trabalho.exe
     1>Done Building Project "C:\Dropbox\IPCA 2 Ano S\2 Semestre\AED\Trabalho AED\gestaoDVDs\trabalho\trabalho.vcxproj" (Build target(s)).

Build succeeded.

Time Elapsed 00:00:00.72
